2025-06-04 23:07:02,896 - INFO - === Enhanced ML Pipeline Starting ===
2025-06-04 23:07:02,896 - INFO - 🚀 Starting Enhanced ML Pipeline
2025-06-04 23:07:02,896 - INFO - Loading dataset...
2025-06-04 23:07:03,212 - INFO - Dataset loaded successfully: 9596 rows, 2 columns
2025-06-04 23:07:03,215 - WARNING - Missing values found:
title    529
dtype: int64
2025-06-04 23:07:03,217 - INFO - After removing missing values: 9067 rows
2025-06-04 23:07:03,218 - INFO - Total samples: 9067
2025-06-04 23:07:03,218 - INFO - Unique job titles: 10
2025-06-04 23:07:03,220 - INFO - Average description length: 3580.9 characters
2025-06-04 23:07:03,220 - INFO - load_and_preprocess_data completed in 0.32 seconds
2025-06-04 23:07:03,220 - INFO - Enhanced data preparation with ratios - Train: 0.7, Val: 0.15, Test: 0.15
2025-06-04 23:07:03,221 - INFO - Original classes: 10
2025-06-04 23:07:03,222 - INFO - Class distribution (top 10):
title
Software Development / Engineering          3398
Product & Project Management (Technical)    2084
IT & Systems Engineering                    1651
Data Engineering                            1270
UI/UX & Design (Tech-Oriented)               234
Data & AI                                    200
DevOps / Site Reliability Engineering         88
Cybersecurity / InfoSec                       76
QA / Testing                                  45
Misc / Specialized                            21
Name: count, dtype: int64
2025-06-04 23:07:03,223 - INFO - Final number of classes: 10
2025-06-04 23:07:03,229 - INFO - Data split sizes:
2025-06-04 23:07:03,229 - INFO -   Training set: 6346 (70.0%)
2025-06-04 23:07:03,229 - INFO -   Validation set: 1360 (15.0%)
2025-06-04 23:07:03,229 - INFO -   Test set: 1361 (15.0%)
2025-06-04 23:07:03,229 - INFO -   Train set classes: 10
2025-06-04 23:07:03,229 - INFO -   Val set classes: 10
2025-06-04 23:07:03,229 - INFO -   Test set classes: 10
2025-06-04 23:07:03,230 - INFO - prepare_features_enhanced completed in 0.01 seconds
2025-06-04 23:07:04,900 - INFO - BERT model initialized with 11 classes on cpu
2025-06-04 23:07:04,900 - INFO - BERT classifier created successfully with 11 classes
2025-06-04 23:07:04,900 - INFO - Starting BERT training for 2 epochs...
2025-06-04 23:07:04,901 - INFO - Epoch 1/2
2025-06-04 23:07:04,942 - ERROR - Enhanced pipeline failed with error: 6001
