2025-06-03 13:33:00,407 - INFO - === Enhanced ML Pipeline Starting ===
2025-06-03 13:33:00,407 - INFO - 🚀 Starting Enhanced ML Pipeline
2025-06-03 13:33:00,407 - INFO - Loading dataset...
2025-06-03 13:33:05,159 - INFO - Dataset loaded successfully: 185115 rows, 2 columns
2025-06-03 13:33:05,176 - WARNING - Missing values found:
title                          529
combined_description_text    27186
dtype: int64
2025-06-03 13:33:05,203 - INFO - After removing missing values: 157400 rows
2025-06-03 13:33:05,203 - INFO - Total samples: 157400
2025-06-03 13:33:05,207 - INFO - Unique job titles: 11
2025-06-03 13:33:05,242 - INFO - Average description length: 3253.8 characters
2025-06-03 13:33:05,242 - INFO - load_and_preprocess_data completed in 4.83 seconds
2025-06-03 13:33:05,242 - INFO - Enhanced data preparation with ratios - Train: 0.7, Val: 0.15, Test: 0.15
2025-06-03 13:33:05,246 - INFO - Original classes: 11
2025-06-03 13:33:05,246 - INFO - Class distribution (top 10):
title
other                                       148333
Software Development / Engineering            3398
Product & Project Management (Technical)      2084
IT & Systems Engineering                      1651
Data Engineering                              1270
UI/UX & Design (Tech-Oriented)                 234
Data & AI                                      200
DevOps / Site Reliability Engineering           88
Cybersecurity / InfoSec                         76
QA / Testing                                    45
Name: count, dtype: int64
2025-06-03 13:33:05,256 - INFO - Final number of classes: 11
2025-06-03 13:33:05,314 - INFO - Data split sizes:
2025-06-03 13:33:05,314 - INFO -   Training set: 110180 (70.0%)
2025-06-03 13:33:05,314 - INFO -   Validation set: 23610 (15.0%)
2025-06-03 13:33:05,314 - INFO -   Test set: 23610 (15.0%)
2025-06-03 13:33:05,315 - INFO -   Train set classes: 11
2025-06-03 13:33:05,315 - INFO -   Val set classes: 11
2025-06-03 13:33:05,315 - INFO -   Test set classes: 11
2025-06-03 13:33:05,316 - INFO - prepare_features_enhanced completed in 0.07 seconds
2025-06-03 13:33:05,316 - INFO - Creating enhanced TF-IDF vectors...
2025-06-03 13:35:51,650 - INFO - TF-IDF matrix shapes:
2025-06-03 13:35:51,651 - INFO -   Train: (110180, 2000)
2025-06-03 13:35:51,651 - INFO -   Validation: (23610, 2000)
2025-06-03 13:35:51,651 - INFO -   Test: (23610, 2000)
2025-06-03 13:35:51,674 - INFO -   Total vocabulary size: 2000
2025-06-03 13:35:51,674 - INFO - vectorize_text_enhanced completed in 166.36 seconds
2025-06-03 13:35:51,675 - INFO - Performing 5-fold cross-validation...
2025-06-03 13:35:51,675 - INFO - Cross-validating Logistic Regression...
2025-06-03 13:36:27,979 - INFO - Logistic Regression CV Results:
2025-06-03 13:36:27,980 - INFO -   Accuracy: 0.9517 (+/- 0.0013)
2025-06-03 13:36:27,980 - INFO -   F1-Macro: 0.2315 (+/- 0.0102)
2025-06-03 13:36:27,980 - INFO - Cross-validating Random Forest...
2025-06-03 13:54:03,178 - INFO - Random Forest CV Results:
2025-06-03 13:54:03,179 - INFO -   Accuracy: 0.9518 (+/- 0.0005)
2025-06-03 13:54:03,180 - INFO -   F1-Macro: 0.2575 (+/- 0.0546)
2025-06-03 13:54:03,180 - INFO - Cross-validating Naive Bayes...
2025-06-03 13:54:06,379 - INFO - Naive Bayes CV Results:
2025-06-03 13:54:06,379 - INFO -   Accuracy: 0.8603 (+/- 0.0051)
2025-06-03 13:54:06,379 - INFO -   F1-Macro: 0.1172 (+/- 0.0101)
2025-06-03 13:54:06,379 - INFO - Cross-validating SVM...
